Using pre-set license
Built from '2020.3/staging' branch; Version is '2020.3.30f1 (1fb1bf06830e) revision 2077119'; Using compiler version '192528614'; Build Type 'Release'
OS: 'Windows 10  (10.0.19044) 64bit Core' Language: 'en' Physical Memory: 8111 MB
BatchMode: 1, IsHumanControllingUs: 0, StartBugReporterOnCrash: 0, Is64bit: 1, IsPro: 0

COMMAND LINE ARGUMENTS:
C:\Program Files\Unity\Hub\Editor\2020.3.30f1\Editor\Unity.exe
-adb2
-batchMode
-noUpm
-name
AssetImportWorker0
-projectPath
C:/Users/Edi/Proiecte_CV/Proiecte/Video_Dune
-logFile
Logs/AssetImportWorker0.log
-srvPort
52799
Successfully changed project path to: C:/Users/Edi/Proiecte_CV/Proiecte/Video_Dune
C:/Users/Edi/Proiecte_CV/Proiecte/Video_Dune
Using Asset Import Pipeline V2.
Refreshing native plugins compatible for Editor in 40.20 ms, found 2 plugins.
Preloading 0 native plugins for Editor in 0.00 ms.
Initialize engine version: 2020.3.30f1 (1fb1bf06830e)
[Subsystems] Discovering subsystems at path C:/Program Files/Unity/Hub/Editor/2020.3.30f1/Editor/Data/Resources/UnitySubsystems
[Subsystems] Discovering subsystems at path C:/Users/Edi/Proiecte_CV/Proiecte/Video_Dune/Assets
GfxDevice: creating device client; threaded=0
Direct3D:
    Version:  Direct3D 11.0 [level 11.1]
    Renderer: NVIDIA GeForce GTX 1660 Ti (ID=0x2191)
    Vendor:   
    VRAM:     5991 MB
    Driver:   30.0.15.1123
Initialize mono
Mono path[0] = 'C:/Program Files/Unity/Hub/Editor/2020.3.30f1/Editor/Data/Managed'
Mono path[1] = 'C:/Program Files/Unity/Hub/Editor/2020.3.30f1/Editor/Data/MonoBleedingEdge/lib/mono/unityjit'
Mono config path = 'C:/Program Files/Unity/Hub/Editor/2020.3.30f1/Editor/Data/MonoBleedingEdge/etc'
Using monoOptions --debugger-agent=transport=dt_socket,embedding=1,server=y,suspend=n,address=127.0.0.1:56916
Begin MonoManager ReloadAssembly
Registering precompiled unity dll's ...
Register platform support module: C:/Program Files/Unity/Hub/Editor/2020.3.30f1/Editor/Data/PlaybackEngines/WebGLSupport/UnityEditor.WebGL.Extensions.dll
Register platform support module: C:/Program Files/Unity/Hub/Editor/2020.3.30f1/Editor/Data/PlaybackEngines/WindowsStandaloneSupport/UnityEditor.WindowsStandalone.Extensions.dll
Registered in 0.002275 seconds.
Native extension for WindowsStandalone target not found
Native extension for WebGL target not found
Refreshing native plugins compatible for Editor in 33.25 ms, found 2 plugins.
Preloading 0 native plugins for Editor in 0.00 ms.
Mono: successfully reloaded assembly
- Completed reload, in  0.590 seconds
Domain Reload Profiling:
	ReloadAssembly (590ms)
		BeginReloadAssembly (71ms)
			ExecutionOrderSort (0ms)
			DisableScriptedObjects (0ms)
			BackupInstance (0ms)
			ReleaseScriptingObjects (0ms)
			CreateAndSetChildDomain (1ms)
		EndReloadAssembly (447ms)
			LoadAssemblies (70ms)
			RebuildTransferFunctionScriptingTraits (0ms)
			SetupTypeCache (150ms)
			ReleaseScriptCaches (0ms)
			RebuildScriptCaches (34ms)
			SetupLoadedEditorAssemblies (161ms)
				LogAssemblyErrors (0ms)
				InitializePlatformSupportModulesInManaged (6ms)
				SetLoadedEditorAssemblies (1ms)
				RefreshPlugins (33ms)
				BeforeProcessingInitializeOnLoad (7ms)
				ProcessInitializeOnLoadAttributes (85ms)
				ProcessInitializeOnLoadMethodAttributes (29ms)
				AfterProcessingInitializeOnLoad (0ms)
				EditorAssembliesLoaded (0ms)
			ExecutionOrderSort2 (0ms)
			AwakeInstancesAfterBackupRestoration (0ms)
Platform modules already initialized, skipping
Registering precompiled user dll's ...
Registered in 0.002840 seconds.
Begin MonoManager ReloadAssembly
Native extension for WindowsStandalone target not found
Native extension for WebGL target not found
Refreshing native plugins compatible for Editor in 0.80 ms, found 2 plugins.
Preloading 0 native plugins for Editor in 0.00 ms.
Mono: successfully reloaded assembly
- Completed reload, in  1.069 seconds
Domain Reload Profiling:
	ReloadAssembly (1070ms)
		BeginReloadAssembly (158ms)
			ExecutionOrderSort (0ms)
			DisableScriptedObjects (5ms)
			BackupInstance (0ms)
			ReleaseScriptingObjects (0ms)
			CreateAndSetChildDomain (21ms)
		EndReloadAssembly (849ms)
			LoadAssemblies (102ms)
			RebuildTransferFunctionScriptingTraits (0ms)
			SetupTypeCache (303ms)
			ReleaseScriptCaches (0ms)
			RebuildScriptCaches (48ms)
			SetupLoadedEditorAssemblies (303ms)
				LogAssemblyErrors (0ms)
				InitializePlatformSupportModulesInManaged (5ms)
				SetLoadedEditorAssemblies (1ms)
				RefreshPlugins (1ms)
				BeforeProcessingInitializeOnLoad (67ms)
				ProcessInitializeOnLoadAttributes (212ms)
				ProcessInitializeOnLoadMethodAttributes (10ms)
				AfterProcessingInitializeOnLoad (7ms)
				EditorAssembliesLoaded (0ms)
			ExecutionOrderSort2 (0ms)
			AwakeInstancesAfterBackupRestoration (6ms)
Platform modules already initialized, skipping
========================================================================
Worker process is ready to serve import requests
Launched and connected shader compiler UnityShaderCompiler.exe after 0.05 seconds
Refreshing native plugins compatible for Editor in 0.37 ms, found 2 plugins.
Preloading 0 native plugins for Editor in 0.00 ms.
Unloading 1849 Unused Serialized files (Serialized files now loaded: 0)
System memory in use before: 79.4 MB.
System memory in use after: 79.5 MB.

Unloading 18 unused Assets to reduce memory usage. Loaded Objects now: 2285.
Total: 2.733300 ms (FindLiveObjects: 0.231000 ms CreateObjectMapping: 0.079600 ms MarkObjects: 2.349900 ms  DeleteObjects: 0.071700 ms)

AssetImportParameters requested are different than current active one (requested -> active):
  custom:framework-win-MediaFoundation: 216162199b28c13a410421893ffa2e32 -> 
  custom:video-decoder-ogg-theora: a1e56fd34408186e4bbccfd4996cb3dc -> 
  custom:container-muxer-webm: aa71ff27fc2769a1b78a27578f13a17b -> 
  custom:container-demuxer-webm: 4f35f7cbe854078d1ac9338744f61a02 -> 
  custom:container-demuxer-ogg: 62fdf1f143b41e24485cea50d1cbac27 -> 
  custom:video-encoder-webm-vp8: eb34c28f22e8b96e1ab97ce403110664 -> 
  custom:video-decoder-webm-vp8: 9c59270c3fd7afecdb556c50c9e8de78 -> 
  custom:audio-decoder-ogg-vorbis: bf7c407c2cedff20999df2af8eb42d56 -> 
  custom:audio-encoder-webm-vorbis: bf7c407c2cedff20999df2af8eb42d56 -> 
========================================================================
Received Import Request.
  path: Assets/ReferenceLibrary/ReferenceImageLibrary.asset
  artifactKey: Guid(f31bb2fe0c7cf464b982f6cbaeb1e246) Importer(815301076,1909f56bfc062723c751e8b465ee728b)
Start importing Assets/ReferenceLibrary/ReferenceImageLibrary.asset using Guid(f31bb2fe0c7cf464b982f6cbaeb1e246) Importer(815301076,1909f56bfc062723c751e8b465ee728b)  -> (artifact id: '494c536db27fb99cf9b44c91f8a10669') in 0.130816 seconds 
========================================================================
Received Import Request.
  Time since last request: 7.796990 seconds.
  path: Assets/XR/XRGeneralSettings.asset
  artifactKey: Guid(0f448479852d96a44886654df4ef828d) Importer(815301076,1909f56bfc062723c751e8b465ee728b)
Start importing Assets/XR/XRGeneralSettings.asset using Guid(0f448479852d96a44886654df4ef828d) Importer(815301076,1909f56bfc062723c751e8b465ee728b)  -> (artifact id: '212baefe59a658dfd99a2f36fb503074') in 0.008774 seconds 
========================================================================
Received Import Request.
  Time since last request: 1.310859 seconds.
  path: Assets/Video/Dune_trailer.mp4
  artifactKey: Guid(20035d218f68d3b4da42f704b15c4c5a) Importer(815301076,1909f56bfc062723c751e8b465ee728b)
Start importing Assets/Video/Dune_trailer.mp4 using Guid(20035d218f68d3b4da42f704b15c4c5a) Importer(815301076,1909f56bfc062723c751e8b465ee728b)  -> (artifact id: '9a6e7d147595163eeac66261ccf219ce') in 0.050658 seconds 
========================================================================
Received Import Request.
  Time since last request: 0.965125 seconds.
  path: Assets/Texture/dune.jpeg
  artifactKey: Guid(af732bb4d83ef8b4db4b00da68f5c073) Importer(815301076,1909f56bfc062723c751e8b465ee728b)
Start importing Assets/Texture/dune.jpeg using Guid(af732bb4d83ef8b4db4b00da68f5c073) Importer(815301076,1909f56bfc062723c751e8b465ee728b)  -> (artifact id: '88b9c01fb984b72bd7af1d92ac6a0aa8') in 0.137717 seconds 
========================================================================
Received Import Request.
  Time since last request: 2.970054 seconds.
  path: Assets/Material/ImageMaterial.mat
  artifactKey: Guid(795286363d599bf40a78a0c29398ea6c) Importer(815301076,1909f56bfc062723c751e8b465ee728b)
Start importing Assets/Material/ImageMaterial.mat using Guid(795286363d599bf40a78a0c29398ea6c) Importer(815301076,1909f56bfc062723c751e8b465ee728b)  -> (artifact id: 'a78a01aff3acc07e15808d0ac996f978') in 0.130139 seconds 
========================================================================
Received Import Request.
  Time since last request: 6.898609 seconds.
  path: Assets/Scenes/SampleScene.unity
  artifactKey: Guid(9fc0d4010bbf28b4594072e72b8655ab) Importer(815301076,1909f56bfc062723c751e8b465ee728b)
Start importing Assets/Scenes/SampleScene.unity using Guid(9fc0d4010bbf28b4594072e72b8655ab) Importer(815301076,1909f56bfc062723c751e8b465ee728b)  -> (artifact id: 'e695f94219e3efe20279546e4735cafc') in 0.002148 seconds 
AssetImportWorkerClient::OnTransportError - code=2 error=End of file
